# JRE version: OpenJDK Runtime Environment Temurin-21.0.8+9 (21.0.8+9) (build 21.0.8+9-LTS)
# Java VM: OpenJDK 64-Bit Server VM Temurin-21.0.8+9 (21.0.8+9-LTS, mixed mode, sharing, tiered, compressed oops, compressed class ptrs, parallel gc, windows-amd64)
GC Precious Log:
 CardTable entry size: 512
 CPUs: 8 total, 8 available
 Memory: 7946M
 Large Page Support: Disabled
 NUMA Support: Disabled
 Compressed Oops: Enabled (32-bit)
 Alignments: Space 512K, Generation 512K, Heap 2M
 Heap Min Capacity: 100M
 Heap Initial Capacity: 100M
 Heap Max Capacity: 2G
 Pre-touch: Disabled
 Parallel Workers: 8
Heap:
 PSYoungGen      total 9216K, used 6080K [0x00000000d5580000, 0x00000000d6400000, 0x0000000100000000)
  eden space 8704K, 69% used [0x00000000d5580000,0x00000000d5b682b0,0x00000000d5e00000)
  from space 512K, 6% used [0x00000000d6380000,0x00000000d6388000,0x00000000d6400000)
  to   space 512K, 0% used [0x00000000d6300000,0x00000000d6300000,0x00000000d6380000)
 ParOldGen       total 1032704K, used 508565K [0x0000000080000000, 0x00000000bf080000, 0x00000000d5580000)
  object space 1032704K, 49% used [0x0000000080000000,0x000000009f0a5648,0x00000000bf080000)
 Metaspace       used 93792K, committed 95616K, reserved 1179648K
  class space    used 9676K, committed 10496K, reserved 1048576K
GC Heap History (20 events):
Event: 198903.707 GC heap before
{Heap before GC invocations=1324 (full 5):
 PSYoungGen      total 10240K, used 9908K [0x00000000d5580000, 0x00000000d6600000, 0x0000000100000000)
  eden space 8704K, 99% used [0x00000000d5580000,0x00000000d5dfd058,0x00000000d5e00000)
  from space 1536K, 79% used [0x00000000d6480000,0x00000000d65b0020,0x00000000d6600000)
  to   space 2560K, 0% used [0x00000000d6100000,0x00000000d6100000,0x00000000d6380000)
 ParOldGen       total 1032704K, used 490600K [0x0000000080000000, 0x00000000bf080000, 0x00000000d5580000)
  object space 1032704K, 47% used [0x0000000080000000,0x000000009df1a1c8,0x00000000bf080000)
 Metaspace       used 93772K, committed 95552K, reserved 1179648K
  class space    used 9676K, committed 10496K, reserved 1048576K
}
Event: 198903.718 GC heap after
{Heap after GC invocations=1324 (full 5):
 PSYoungGen      total 11264K, used 2543K [0x00000000d5580000, 0x00000000d6900000, 0x0000000100000000)
  eden space 8704K, 0% used [0x00000000d5580000,0x00000000d5580000,0x00000000d5e00000)
  from space 2560K, 99% used [0x00000000d6100000,0x00000000d637bed0,0x00000000d6380000)
  to   space 5632K, 0% used [0x00000000d6380000,0x00000000d6380000,0x00000000d6900000)
 ParOldGen       total 1032704K, used 492632K [0x0000000080000000, 0x00000000bf080000, 0x00000000d5580000)
  object space 1032704K, 47% used [0x0000000080000000,0x000000009e116168,0x00000000bf080000)
 Metaspace       used 93772K, committed 95552K, reserved 1179648K
  class space    used 9676K, committed 10496K, reserved 1048576K
}
Event: 198903.769 GC heap before
{Heap before GC invocations=1325 (full 5):
 PSYoungGen      total 11264K, used 11247K [0x00000000d5580000, 0x00000000d6900000, 0x0000000100000000)
  eden space 8704K, 100% used [0x00000000d5580000,0x00000000d5e00000,0x00000000d5e00000)
  from space 2560K, 99% used [0x00000000d6100000,0x00000000d637bed0,0x00000000d6380000)
  to   space 5632K, 0% used [0x00000000d6380000,0x00000000d6380000,0x00000000d6900000)
 ParOldGen       total 1032704K, used 492632K [0x0000000080000000, 0x00000000bf080000, 0x00000000d5580000)
  object space 1032704K, 47% used [0x0000000080000000,0x000000009e116168,0x00000000bf080000)
 Metaspace       used 93772K, committed 95552K, reserved 1179648K
  class space    used 9676K, committed 10496K, reserved 1048576K
}
Event: 198903.781 GC heap after
{Heap after GC invocations=1325 (full 5):
 PSYoungGen      total 10752K, used 1719K [0x00000000d5580000, 0x00000000d6580000, 0x0000000100000000)
  eden space 8704K, 0% used [0x00000000d5580000,0x00000000d5580000,0x00000000d5e00000)
  from space 2048K, 83% used [0x00000000d6380000,0x00000000d652dff8,0x00000000d6580000)
  to   space 3072K, 0% used [0x00000000d5f80000,0x00000000d5f80000,0x00000000d6280000)
 ParOldGen       total 1032704K, used 495322K [0x0000000080000000, 0x00000000bf080000, 0x00000000d5580000)
  object space 1032704K, 47% used [0x0000000080000000,0x000000009e3b6800,0x00000000bf080000)
 Metaspace       used 93772K, committed 95552K, reserved 1179648K
  class space    used 9676K, committed 10496K, reserved 1048576K
}
Event: 198904.103 GC heap before
{Heap before GC invocations=1326 (full 5):
 PSYoungGen      total 10752K, used 10423K [0x00000000d5580000, 0x00000000d6580000, 0x0000000100000000)
  eden space 8704K, 99% used [0x00000000d5580000,0x00000000d5dffff8,0x00000000d5e00000)
  from space 2048K, 83% used [0x00000000d6380000,0x00000000d652dff8,0x00000000d6580000)
  to   space 3072K, 0% used [0x00000000d5f80000,0x00000000d5f80000,0x00000000d6280000)
 ParOldGen       total 1032704K, used 495322K [0x0000000080000000, 0x00000000bf080000, 0x00000000d5580000)
  object space 1032704K, 47% used [0x0000000080000000,0x000000009e3b6800,0x00000000bf080000)
 Metaspace       used 93773K, committed 95552K, reserved 1179648K
  class space    used 9676K, committed 10496K, reserved 1048576K
}
Event: 198904.112 GC heap after
{Heap after GC invocations=1326 (full 5):
 PSYoungGen      total 10752K, used 1843K [0x00000000d5580000, 0x00000000d6400000, 0x0000000100000000)
  eden space 8704K, 0% used [0x00000000d5580000,0x00000000d5580000,0x00000000d5e00000)
  from space 2048K, 90% used [0x00000000d5f80000,0x00000000d614ce20,0x00000000d6180000)
  to   space 2048K, 0% used [0x00000000d6200000,0x00000000d6200000,0x00000000d6400000)
 ParOldGen       total 1032704K, used 496658K [0x0000000080000000, 0x00000000bf080000, 0x00000000d5580000)
  object space 1032704K, 48% used [0x0000000080000000,0x000000009e504810,0x00000000bf080000)
 Metaspace       used 93773K, committed 95552K, reserved 1179648K
  class space    used 9676K, committed 10496K, reserved 1048576K
}
Event: 198904.739 GC heap before
{Heap before GC invocations=1327 (full 5):
 PSYoungGen      total 10752K, used 10547K [0x00000000d5580000, 0x00000000d6400000, 0x0000000100000000)
  eden space 8704K, 100% used [0x00000000d5580000,0x00000000d5e00000,0x00000000d5e00000)
  from space 2048K, 90% used [0x00000000d5f80000,0x00000000d614ce20,0x00000000d6180000)
  to   space 2048K, 0% used [0x00000000d6200000,0x00000000d6200000,0x00000000d6400000)
 ParOldGen       total 1032704K, used 496658K [0x0000000080000000, 0x00000000bf080000, 0x00000000d5580000)
  object space 1032704K, 48% used [0x0000000080000000,0x000000009e504810,0x00000000bf080000)
 Metaspace       used 93773K, committed 95552K, reserved 1179648K
  class space    used 9676K, committed 10496K, reserved 1048576K
}
Event: 198904.750 GC heap after
{Heap after GC invocations=1327 (full 5):
 PSYoungGen      total 10752K, used 2017K [0x00000000d5580000, 0x00000000d6600000, 0x0000000100000000)
  eden space 8704K, 0% used [0x00000000d5580000,0x00000000d5580000,0x00000000d5e00000)
  from space 2048K, 98% used [0x00000000d6200000,0x00000000d63f8658,0x00000000d6400000)
  to   space 4096K, 0% used [0x00000000d5e00000,0x00000000d5e00000,0x00000000d6200000)
 ParOldGen       total 1032704K, used 498393K [0x0000000080000000, 0x00000000bf080000, 0x00000000d5580000)
  object space 1032704K, 48% used [0x0000000080000000,0x000000009e6b6498,0x00000000bf080000)
 Metaspace       used 93773K, committed 95552K, reserved 1179648K
  class space    used 9676K, committed 10496K, reserved 1048576K
}
Event: 198904.802 GC heap before
{Heap before GC invocations=1328 (full 5):
 PSYoungGen      total 10752K, used 10721K [0x00000000d5580000, 0x00000000d6600000, 0x0000000100000000)
  eden space 8704K, 99% used [0x00000000d5580000,0x00000000d5dfffc0,0x00000000d5e00000)
  from space 2048K, 98% used [0x00000000d6200000,0x00000000d63f8658,0x00000000d6400000)
  to   space 4096K, 0% used [0x00000000d5e00000,0x00000000d5e00000,0x00000000d6200000)
 ParOldGen       total 1032704K, used 498393K [0x0000000080000000, 0x00000000bf080000, 0x00000000d5580000)
  object space 1032704K, 48% used [0x0000000080000000,0x000000009e6b6498,0x00000000bf080000)
 Metaspace       used 93773K, committed 95552K, reserved 1179648K
  class space    used 9676K, committed 10496K, reserved 1048576K
}
Event: 198904.809 GC heap after
{Heap after GC invocations=1328 (full 5):
 PSYoungGen      total 11264K, used 2526K [0x00000000d5580000, 0x00000000d6400000, 0x0000000100000000)
  eden space 8704K, 0% used [0x00000000d5580000,0x00000000d5580000,0x00000000d5e00000)
  from space 2560K, 98% used [0x00000000d5e00000,0x00000000d6077bb0,0x00000000d6080000)
  to   space 3072K, 0% used [0x00000000d6100000,0x00000000d6100000,0x00000000d6400000)
 ParOldGen       total 1032704K, used 499388K [0x0000000080000000, 0x00000000bf080000, 0x00000000d5580000)
  object space 1032704K, 48% used [0x0000000080000000,0x000000009e7af008,0x00000000bf080000)
 Metaspace       used 93773K, committed 95552K, reserved 1179648K
  class space    used 9676K, committed 10496K, reserved 1048576K
}
Event: 198904.864 GC heap before
{Heap before GC invocations=1329 (full 5):
 PSYoungGen      total 11264K, used 11230K [0x00000000d5580000, 0x00000000d6400000, 0x0000000100000000)
  eden space 8704K, 100% used [0x00000000d5580000,0x00000000d5e00000,0x00000000d5e00000)
  from space 2560K, 98% used [0x00000000d5e00000,0x00000000d6077bb0,0x00000000d6080000)
  to   space 3072K, 0% used [0x00000000d6100000,0x00000000d6100000,0x00000000d6400000)
 ParOldGen       total 1032704K, used 499388K [0x0000000080000000, 0x00000000bf080000, 0x00000000d5580000)
  object space 1032704K, 48% used [0x0000000080000000,0x000000009e7af008,0x00000000bf080000)
 Metaspace       used 93774K, committed 95552K, reserved 1179648K
  class space    used 9676K, committed 10496K, reserved 1048576K
}
Event: 198904.876 GC heap after
{Heap after GC invocations=1329 (full 5):
 PSYoungGen      total 11264K, used 2274K [0x00000000d5580000, 0x00000000d6380000, 0x0000000100000000)
  eden space 8704K, 0% used [0x00000000d5580000,0x00000000d5580000,0x00000000d5e00000)
  from space 2560K, 88% used [0x00000000d6100000,0x00000000d6338a80,0x00000000d6380000)
  to   space 2560K, 0% used [0x00000000d5e00000,0x00000000d5e00000,0x00000000d6080000)
 ParOldGen       total 1032704K, used 501786K [0x0000000080000000, 0x00000000bf080000, 0x00000000d5580000)
  object space 1032704K, 48% used [0x0000000080000000,0x000000009ea06b40,0x00000000bf080000)
 Metaspace       used 93774K, committed 95552K, reserved 1179648K
  class space    used 9676K, committed 10496K, reserved 1048576K
}
Event: 198904.922 GC heap before
{Heap before GC invocations=1330 (full 5):
 PSYoungGen      total 11264K, used 10978K [0x00000000d5580000, 0x00000000d6380000, 0x0000000100000000)
  eden space 8704K, 100% used [0x00000000d5580000,0x00000000d5e00000,0x00000000d5e00000)
  from space 2560K, 88% used [0x00000000d6100000,0x00000000d6338a80,0x00000000d6380000)
  to   space 2560K, 0% used [0x00000000d5e00000,0x00000000d5e00000,0x00000000d6080000)
 ParOldGen       total 1032704K, used 501786K [0x0000000080000000, 0x00000000bf080000, 0x00000000d5580000)
  object space 1032704K, 48% used [0x0000000080000000,0x000000009ea06b40,0x00000000bf080000)
 Metaspace       used 93777K, committed 95552K, reserved 1179648K
  class space    used 9676K, committed 10496K, reserved 1048576K
}
Event: 198904.935 GC heap after
{Heap after GC invocations=1330 (full 5):
 PSYoungGen      total 11264K, used 2542K [0x00000000d5580000, 0x00000000d6a00000, 0x0000000100000000)
  eden space 8704K, 0% used [0x00000000d5580000,0x00000000d5580000,0x00000000d5e00000)
  from space 2560K, 99% used [0x00000000d5e00000,0x00000000d607bb80,0x00000000d6080000)
  to   space 6144K, 0% used [0x00000000d6400000,0x00000000d6400000,0x00000000d6a00000)
 ParOldGen       total 1032704K, used 504702K [0x0000000080000000, 0x00000000bf080000, 0x00000000d5580000)
  object space 1032704K, 48% used [0x0000000080000000,0x000000009ecdfbc0,0x00000000bf080000)
 Metaspace       used 93777K, committed 95552K, reserved 1179648K
  class space    used 9676K, committed 10496K, reserved 1048576K
}
Event: 202428.838 GC heap before
{Heap before GC invocations=1331 (full 5):
 PSYoungGen      total 11264K, used 11246K [0x00000000d5580000, 0x00000000d6a00000, 0x0000000100000000)
  eden space 8704K, 100% used [0x00000000d5580000,0x00000000d5e00000,0x00000000d5e00000)
  from space 2560K, 99% used [0x00000000d5e00000,0x00000000d607bb80,0x00000000d6080000)
  to   space 6144K, 0% used [0x00000000d6400000,0x00000000d6400000,0x00000000d6a00000)
 ParOldGen       total 1032704K, used 504702K [0x0000000080000000, 0x00000000bf080000, 0x00000000d5580000)
  object space 1032704K, 48% used [0x0000000080000000,0x000000009ecdfbc0,0x00000000bf080000)
 Metaspace       used 93792K, committed 95616K, reserved 1179648K
  class space    used 9676K, committed 10496K, reserved 1048576K
}
Event: 202429.213 GC heap after
{Heap after GC invocations=1331 (full 5):
 PSYoungGen      total 10240K, used 1346K [0x00000000d5580000, 0x00000000d6580000, 0x0000000100000000)
  eden space 8704K, 0% used [0x00000000d5580000,0x00000000d5580000,0x00000000d5e00000)
  from space 1536K, 87% used [0x00000000d6400000,0x00000000d6550a80,0x00000000d6580000)
  to   space 3072K, 0% used [0x00000000d5f80000,0x00000000d5f80000,0x00000000d6280000)
 ParOldGen       total 1032704K, used 507265K [0x0000000080000000, 0x00000000bf080000, 0x00000000d5580000)
  object space 1032704K, 49% used [0x0000000080000000,0x000000009ef604f8,0x00000000bf080000)
 Metaspace       used 93792K, committed 95616K, reserved 1179648K
  class space    used 9676K, committed 10496K, reserved 1048576K
}
Event: 279749.658 GC heap before
{Heap before GC invocations=1332 (full 5):
 PSYoungGen      total 10240K, used 10050K [0x00000000d5580000, 0x00000000d6580000, 0x0000000100000000)
  eden space 8704K, 100% used [0x00000000d5580000,0x00000000d5e00000,0x00000000d5e00000)
  from space 1536K, 87% used [0x00000000d6400000,0x00000000d6550a80,0x00000000d6580000)
  to   space 3072K, 0% used [0x00000000d5f80000,0x00000000d5f80000,0x00000000d6280000)
 ParOldGen       total 1032704K, used 507265K [0x0000000080000000, 0x00000000bf080000, 0x00000000d5580000)
  object space 1032704K, 49% used [0x0000000080000000,0x000000009ef604f8,0x00000000bf080000)
 Metaspace       used 93792K, committed 95616K, reserved 1179648K
  class space    used 9676K, committed 10496K, reserved 1048576K
}
Event: 279750.027 GC heap after
{Heap after GC invocations=1332 (full 5):
 PSYoungGen      total 11776K, used 192K [0x00000000d5580000, 0x00000000d6480000, 0x0000000100000000)
  eden space 8704K, 0% used [0x00000000d5580000,0x00000000d5580000,0x00000000d5e00000)
  from space 3072K, 6% used [0x00000000d5f80000,0x00000000d5fb0000,0x00000000d6280000)
  to   space 1024K, 0% used [0x00000000d6380000,0x00000000d6380000,0x00000000d6480000)
 ParOldGen       total 1032704K, used 508525K [0x0000000080000000, 0x00000000bf080000, 0x00000000d5580000)
  object space 1032704K, 49% used [0x0000000080000000,0x000000009f09b648,0x00000000bf080000)
 Metaspace       used 93792K, committed 95616K, reserved 1179648K
  class space    used 9676K, committed 10496K, reserved 1048576K
}
Event: 279750.841 GC heap before
{Heap before GC invocations=1333 (full 5):
 PSYoungGen      total 11776K, used 8896K [0x00000000d5580000, 0x00000000d6480000, 0x0000000100000000)
  eden space 8704K, 100% used [0x00000000d5580000,0x00000000d5e00000,0x00000000d5e00000)
  from space 3072K, 6% used [0x00000000d5f80000,0x00000000d5fb0000,0x00000000d6280000)
  to   space 1024K, 0% used [0x00000000d6380000,0x00000000d6380000,0x00000000d6480000)
 ParOldGen       total 1032704K, used 508525K [0x0000000080000000, 0x00000000bf080000, 0x00000000d5580000)
  object space 1032704K, 49% used [0x0000000080000000,0x000000009f09b648,0x00000000bf080000)
 Metaspace       used 93792K, committed 95616K, reserved 1179648K
  class space    used 9676K, committed 10496K, reserved 1048576K
}
Event: 279750.845 GC heap after
{Heap after GC invocations=1333 (full 5):
 PSYoungGen      total 9216K, used 32K [0x00000000d5580000, 0x00000000d6400000, 0x0000000100000000)
  eden space 8704K, 0% used [0x00000000d5580000,0x00000000d5580000,0x00000000d5e00000)
  from space 512K, 6% used [0x00000000d6380000,0x00000000d6388000,0x00000000d6400000)
  to   space 512K, 0% used [0x00000000d6300000,0x00000000d6300000,0x00000000d6380000)
 ParOldGen       total 1032704K, used 508565K [0x0000000080000000, 0x00000000bf080000, 0x00000000d5580000)
  object space 1032704K, 49% used [0x0000000080000000,0x000000009f0a5648,0x00000000bf080000)
 Metaspace       used 93792K, committed 95616K, reserved 1179648K
  class space    used 9676K, committed 10496K, reserved 1048576K
}

