<?xml version="1.0" encoding="UTF-8"?>
<testsuite xmlns:xsi="http://www.w3.org/2001/XMLSchema-instance" xsi:noNamespaceSchemaLocation="https://maven.apache.org/surefire/maven-surefire-plugin/xsd/surefire-test-report-3.0.xsd" version="3.0" name="com.banking.persistence.InvestmentAccountInterestTest" time="0.796" tests="2" errors="0" skipped="0" failures="0">
  <properties>
[...]
</properties>
  <testcase name="investmentAccountWithMultipleInterestPayments" classname="com.banking.persistence.InvestmentAccountInterestTest" time="0.669">
    <system-out><![CDATA[✓ Connected to MySQL Database successfully

📊 Initializing Database Schema...
✓ Database created/verified
✓ Database selected
✓ Schema initialized
✓ Schema initialized
✓ Schema initialized
✓ Schema initialized
✓ Schema initialized
✓ Schema initialized
✓ Schema initialized
✓ Database schema ready

✓ Customer created: TEST_INV_MULTI
✓ Customer TEST_INV_MULTI saved to database
✓ Account created: INV_279575306873900
✓ Account INV_279575306873900 added successfully
✓ investment account INV_279575306873900 saved to database
✓ Deposit successful. New balance: BWP 2000.00
✓ Account updated: INV_279575306873900
✓ Loaded 0 transactions for account INV_279575306873900
✓ Interest paid: BWP 100.00. New balance: BWP 2100.00
✓ Account updated: INV_279575306873900
✓ Transaction recorded: INT_279575416150700
✓ Loaded 1 transactions for account INV_279575306873900
✓ Interest paid: BWP 105.00. New balance: BWP 2205.00
✓ Account updated: INV_279575306873900
✓ Transaction recorded: INT_279575428821299
✓ Loaded 2 transactions for account INV_279575306873900
✓ Investment account multiple interest payments test passed
✗ Error deleting account: Cannot delete or update a parent row: a foreign key constraint fails (`banking_system`.`transaction`, CONSTRAINT `transaction_ibfk_1` FOREIGN KEY (`ACCOUNT_NUMBER`) REFERENCES `account` (`ACCOUNT_NUMBER`))
✓ Test cleanup: Account INV_279575306873900 deleted
✗ Error deleting customer: Cannot delete or update a parent row: a foreign key constraint fails (`banking_system`.`account`, CONSTRAINT `account_ibfk_1` FOREIGN KEY (`CUSTOMER_ID`) REFERENCES `customer` (`CUSTOMER_ID`))
✓ Test cleanup: Customer TEST_INV_MULTI deleted
]]></system-out>
  </testcase>
  <testcase name="investmentAccountEarnsCorrectInterestRate" classname="com.banking.persistence.InvestmentAccountInterestTest" time="0.072">
    <system-out><![CDATA[
📊 Initializing Database Schema...
✓ Database created/verified
✓ Database selected
✓ Schema initialized
✓ Schema initialized
✓ Schema initialized
✓ Schema initialized
✓ Schema initialized
✓ Schema initialized
✓ Schema initialized
✓ Database schema ready

✓ Customer created: TEST_INV_CUST
✓ Customer TEST_INV_CUST saved to database
✓ Account created: INV_279575510399300
✓ Account INV_279575510399300 added successfully
✓ investment account INV_279575510399300 saved to database
✓ Deposit successful. New balance: BWP 1000.00
✓ Account updated: INV_279575510399300
✓ Loaded 0 transactions for account INV_279575510399300
✓ Interest paid: BWP 50.00. New balance: BWP 1050.00
✓ Account updated: INV_279575510399300
✓ Transaction recorded: INT_279575525764700
✓ Loaded 1 transactions for account INV_279575510399300
✓ Investment account interest test passed: 5% rate correctly applied
✗ Error deleting account: Cannot delete or update a parent row: a foreign key constraint fails (`banking_system`.`transaction`, CONSTRAINT `transaction_ibfk_1` FOREIGN KEY (`ACCOUNT_NUMBER`) REFERENCES `account` (`ACCOUNT_NUMBER`))
✓ Test cleanup: Account INV_279575510399300 deleted
✗ Error deleting customer: Cannot delete or update a parent row: a foreign key constraint fails (`banking_system`.`account`, CONSTRAINT `account_ibfk_1` FOREIGN KEY (`CUSTOMER_ID`) REFERENCES `customer` (`CUSTOMER_ID`))
✓ Test cleanup: Customer TEST_INV_CUST deleted
]]></system-out>
  </testcase>
</testsuite>